0 info it worked if it ends with ok
1 verbose cli [ '/opt/local/bin/node', '/usr/local/bin/npm', 'start' ]
2 info using npm@3.10.3
3 info using node@v4.4.7
4 verbose run-script [ 'prestart', 'start', 'poststart' ]
5 info lifecycle openminted-platform@1.0.0~prestart: openminted-platform@1.0.0
6 silly lifecycle openminted-platform@1.0.0~prestart: no script for prestart, continuing
7 info lifecycle openminted-platform@1.0.0~start: openminted-platform@1.0.0
8 verbose lifecycle openminted-platform@1.0.0~start: unsafe-perm in lifecycle true
9 verbose lifecycle openminted-platform@1.0.0~start: PATH: /usr/local/lib/node_modules/npm/bin/node-gyp-bin:/Users/stefania/projects/openminted/openminted-platform/node_modules/.bin:/opt/local/bin:/opt/local/bin:/opt/local/sbin:/opt/local/bin:/opt/local/sbin:/usr/local/bin:/usr/bin:/bin:/usr/sbin:/sbin:/opt/X11/bin
10 verbose lifecycle openminted-platform@1.0.0~start: CWD: /Users/stefania/projects/openminted/openminted-platform
11 silly lifecycle openminted-platform@1.0.0~start: Args: [ '-c', 'tsc && concurrently "tsc -w" "lite-server" ' ]
12 silly lifecycle openminted-platform@1.0.0~start: Returned: code: 2  signal: null
13 info lifecycle openminted-platform@1.0.0~start: Failed to exec start script
14 verbose stack Error: openminted-platform@1.0.0 start: `tsc && concurrently "tsc -w" "lite-server" `
14 verbose stack Exit status 2
14 verbose stack     at EventEmitter.<anonymous> (/usr/local/lib/node_modules/npm/lib/utils/lifecycle.js:242:16)
14 verbose stack     at emitTwo (events.js:87:13)
14 verbose stack     at EventEmitter.emit (events.js:172:7)
14 verbose stack     at ChildProcess.<anonymous> (/usr/local/lib/node_modules/npm/lib/utils/spawn.js:40:14)
14 verbose stack     at emitTwo (events.js:87:13)
14 verbose stack     at ChildProcess.emit (events.js:172:7)
14 verbose stack     at maybeClose (internal/child_process.js:827:16)
14 verbose stack     at Process.ChildProcess._handle.onexit (internal/child_process.js:211:5)
15 verbose pkgid openminted-platform@1.0.0
16 verbose cwd /Users/stefania/projects/openminted/openminted-platform
17 error Darwin 14.5.0
18 error argv "/opt/local/bin/node" "/usr/local/bin/npm" "start"
19 error node v4.4.7
20 error npm  v3.10.3
21 error code ELIFECYCLE
22 error openminted-platform@1.0.0 start: `tsc && concurrently "tsc -w" "lite-server" `
22 error Exit status 2
23 error Failed at the openminted-platform@1.0.0 start script 'tsc && concurrently "tsc -w" "lite-server" '.
23 error Make sure you have the latest version of node.js and npm installed.
23 error If you do, this is most likely a problem with the openminted-platform package,
23 error not with npm itself.
23 error Tell the author that this fails on your system:
23 error     tsc && concurrently "tsc -w" "lite-server"
23 error You can get information on how to open an issue for this project with:
23 error     npm bugs openminted-platform
23 error Or if that isn't available, you can get their info via:
23 error     npm owner ls openminted-platform
23 error There is likely additional logging output above.
24 verbose exit [ 1, true ]
